#! /usr/bin/vvp
:ivl_version "10.3 (stable)";
:ivl_delay_selection "TYPICAL";
:vpi_time_precision + 0;
:vpi_module "system";
:vpi_module "vhdl_sys";
:vpi_module "v2005_math";
:vpi_module "va_math";
S_0x555775105130 .scope module, "test" "test" 2 1;
 .timescale 0 0;
v0x55577514f900_0 .var "a", 0 0;
v0x55577514f9c0_0 .var "b", 0 0;
v0x55577514fa90_0 .var "c_in", 0 0;
v0x55577514fb90_0 .net "c_out", 0 0, v0x55577514f5b0_0;  1 drivers
v0x55577514fc60_0 .net "done", 0 0, v0x55577514f670_0;  1 drivers
v0x55577514fd50_0 .net "sum", 0 0, v0x55577514f780_0;  1 drivers
E_0x55577513d9c0 .event posedge, v0x55577514f670_0;
S_0x5557751052b0 .scope module, "uut" "fullAdder" 2 6, 3 1 0, S_0x555775105130;
 .timescale 0 0;
    .port_info 0 /INPUT 1 "a"
    .port_info 1 /INPUT 1 "b"
    .port_info 2 /INPUT 1 "c_in"
    .port_info 3 /OUTPUT 1 "sum"
    .port_info 4 /OUTPUT 1 "c_out"
    .port_info 5 /OUTPUT 1 "done"
v0x55577513cb50_0 .net "a", 0 0, v0x55577514f900_0;  1 drivers
v0x55577514f450_0 .net "b", 0 0, v0x55577514f9c0_0;  1 drivers
v0x55577514f510_0 .net "c_in", 0 0, v0x55577514fa90_0;  1 drivers
v0x55577514f5b0_0 .var "c_out", 0 0;
v0x55577514f670_0 .var "done", 0 0;
v0x55577514f780_0 .var "sum", 0 0;
E_0x55577513d8b0 .event edge, v0x55577513cb50_0, v0x55577514f450_0, v0x55577514f510_0;
    .scope S_0x5557751052b0;
T_0 ;
    %wait E_0x55577513d8b0;
    %pushi/vec4 0, 0, 1;
    %store/vec4 v0x55577514f670_0, 0, 1;
    %load/vec4 v0x55577513cb50_0;
    %load/vec4 v0x55577514f450_0;
    %and;
    %load/vec4 v0x55577513cb50_0;
    %load/vec4 v0x55577514f510_0;
    %and;
    %or;
    %load/vec4 v0x55577514f450_0;
    %load/vec4 v0x55577514f510_0;
    %and;
    %or;
    %store/vec4 v0x55577514f5b0_0, 0, 1;
    %load/vec4 v0x55577513cb50_0;
    %load/vec4 v0x55577514f450_0;
    %xor;
    %load/vec4 v0x55577514f510_0;
    %xor;
    %store/vec4 v0x55577514f780_0, 0, 1;
    %pushi/vec4 1, 0, 1;
    %store/vec4 v0x55577514f670_0, 0, 1;
    %jmp T_0;
    .thread T_0, $push;
    .scope S_0x555775105130;
T_1 ;
    %vpi_call 2 9 "$dumpfile", "fullAdder.vcd" {0 0 0};
    %vpi_call 2 10 "$dumpvars", 32'sb00000000000000000000000000000000, S_0x555775105130 {0 0 0};
    %pushi/vec4 0, 0, 1;
    %store/vec4 v0x55577514f900_0, 0, 1;
    %pushi/vec4 0, 0, 1;
    %store/vec4 v0x55577514f9c0_0, 0, 1;
    %pushi/vec4 0, 0, 1;
    %store/vec4 v0x55577514fa90_0, 0, 1;
    %delay 80, 0;
    %vpi_call 2 16 "$finish" {0 0 0};
    %end;
    .thread T_1;
    .scope S_0x555775105130;
T_2 ;
    %delay 10, 0;
    %load/vec4 v0x55577514f900_0;
    %inv;
    %store/vec4 v0x55577514f900_0, 0, 1;
    %jmp T_2;
    .thread T_2;
    .scope S_0x555775105130;
T_3 ;
    %delay 20, 0;
    %load/vec4 v0x55577514f9c0_0;
    %inv;
    %store/vec4 v0x55577514f9c0_0, 0, 1;
    %jmp T_3;
    .thread T_3;
    .scope S_0x555775105130;
T_4 ;
    %delay 40, 0;
    %load/vec4 v0x55577514fa90_0;
    %inv;
    %store/vec4 v0x55577514fa90_0, 0, 1;
    %jmp T_4;
    .thread T_4;
    .scope S_0x555775105130;
T_5 ;
    %wait E_0x55577513d9c0;
    %vpi_call 2 24 "$display", "time =%0t , a = %b , b = %b , c_in = %b , sum = %b , c_out = %b", $time, v0x55577514f900_0, v0x55577514f9c0_0, v0x55577514fa90_0, v0x55577514fd50_0, v0x55577514fb90_0 {0 0 0};
    %jmp T_5;
    .thread T_5;
# The file index is used to find the file name in the following table.
:file_names 4;
    "N/A";
    "<interactive>";
    "fullAdderTest.v";
    "fullAdder.v";
