#! /usr/bin/vvp
:ivl_version "10.3 (stable)";
:ivl_delay_selection "TYPICAL";
:vpi_time_precision + 0;
:vpi_module "system";
:vpi_module "vhdl_sys";
:vpi_module "v2005_math";
:vpi_module "va_math";
S_0x55eec407f0a0 .scope module, "test" "test" 2 1;
 .timescale 0 0;
v0x55eec4091080_0 .var "Clk", 0 0;
v0x55eec4091140_0 .var "D", 0 0;
v0x55eec4091210_0 .net "Q", 0 0, v0x55eec4090e40_0;  1 drivers
v0x55eec4091310_0 .net "done", 0 0, v0x55eec4090f10_0;  1 drivers
E_0x55eec4049ae0 .event edge, v0x55eec4049110_0;
S_0x55eec407f240 .scope module, "uut" "DFF" 2 6, 3 1 0, S_0x55eec407f0a0;
 .timescale 0 0;
    .port_info 0 /INPUT 1 "D"
    .port_info 1 /INPUT 1 "Clk"
    .port_info 2 /OUTPUT 1 "Q"
    .port_info 3 /OUTPUT 1 "done"
v0x55eec4049110_0 .net "Clk", 0 0, v0x55eec4091080_0;  1 drivers
v0x55eec4090d80_0 .net "D", 0 0, v0x55eec4091140_0;  1 drivers
v0x55eec4090e40_0 .var "Q", 0 0;
v0x55eec4090f10_0 .var "done", 0 0;
E_0x55eec40499d0 .event posedge, v0x55eec4049110_0;
    .scope S_0x55eec407f240;
T_0 ;
    %wait E_0x55eec40499d0;
    %pushi/vec4 0, 0, 1;
    %store/vec4 v0x55eec4090f10_0, 0, 1;
    %load/vec4 v0x55eec4090d80_0;
    %store/vec4 v0x55eec4090e40_0, 0, 1;
    %pushi/vec4 1, 0, 1;
    %store/vec4 v0x55eec4090f10_0, 0, 1;
    %jmp T_0;
    .thread T_0;
    .scope S_0x55eec407f0a0;
T_1 ;
    %vpi_call 2 9 "$dumpfile", "DFFTest.vcd" {0 0 0};
    %vpi_call 2 10 "$dumpvars", 32'sb00000000000000000000000000000000, S_0x55eec407f0a0 {0 0 0};
    %pushi/vec4 0, 0, 1;
    %store/vec4 v0x55eec4091140_0, 0, 1;
    %pushi/vec4 0, 0, 1;
    %store/vec4 v0x55eec4091080_0, 0, 1;
    %delay 80, 0;
    %vpi_call 2 15 "$finish" {0 0 0};
    %end;
    .thread T_1;
    .scope S_0x55eec407f0a0;
T_2 ;
    %delay 10, 0;
    %load/vec4 v0x55eec4091140_0;
    %inv;
    %store/vec4 v0x55eec4091140_0, 0, 1;
    %jmp T_2;
    .thread T_2;
    .scope S_0x55eec407f0a0;
T_3 ;
    %delay 15, 0;
    %load/vec4 v0x55eec4091080_0;
    %inv;
    %store/vec4 v0x55eec4091080_0, 0, 1;
    %jmp T_3;
    .thread T_3;
    .scope S_0x55eec407f0a0;
T_4 ;
    %wait E_0x55eec4049ae0;
    %delay 1, 0;
    %vpi_call 2 24 "$display", "time =%0t , D = %b , Clk = %b , Q = %b", $time, v0x55eec4091140_0, v0x55eec4091080_0, v0x55eec4091210_0 {0 0 0};
    %jmp T_4;
    .thread T_4, $push;
# The file index is used to find the file name in the following table.
:file_names 4;
    "N/A";
    "<interactive>";
    "DFFTest.v";
    "DFF.v";
